node:internal/modules/cjs/loader:959
  throw err;
  ^

Error: Cannot find module 'express'
Require stack:
- /home/n1647152/Organic_Club_Tante_Shanti/server.js
- /usr/local/lsws/fcgi-bin/lsnode.js
    at Function.Module._resolveFilename (node:internal/modules/cjs/loader:956:15)
    at Function.Module._load (node:internal/modules/cjs/loader:804:27)
    at Module.require (node:internal/modules/cjs/loader:1028:19)
    at require (node:internal/modules/cjs/helpers:102:18)
    at Object.<anonymous> (/home/n1647152/Organic_Club_Tante_Shanti/server.js:1:17)
    at Module._compile (node:internal/modules/cjs/loader:1126:14)
    at Object.Module._extensions..js (node:internal/modules/cjs/loader:1180:10)
    at Module.load (node:internal/modules/cjs/loader:1004:32)
    at Function.Module._load (node:internal/modules/cjs/loader:839:12)
    at Module.require (node:internal/modules/cjs/loader:1028:19) {
  code: 'MODULE_NOT_FOUND',
  requireStack: [
    '/home/n1647152/Organic_Club_Tante_Shanti/server.js',
    '/usr/local/lsws/fcgi-bin/lsnode.js'
  ]
}
node:internal/modules/cjs/loader:959
  throw err;
  ^

Error: Cannot find module 'express'
Require stack:
- /home/n1647152/Organic_Club_Tante_Shanti/server.js
- /usr/local/lsws/fcgi-bin/lsnode.js
    at Function.Module._resolveFilename (node:internal/modules/cjs/loader:956:15)
    at Function.Module._load (node:internal/modules/cjs/loader:804:27)
    at Module.require (node:internal/modules/cjs/loader:1028:19)
    at require (node:internal/modules/cjs/helpers:102:18)
    at Object.<anonymous> (/home/n1647152/Organic_Club_Tante_Shanti/server.js:1:17)
    at Module._compile (node:internal/modules/cjs/loader:1126:14)
    at Object.Module._extensions..js (node:internal/modules/cjs/loader:1180:10)
    at Module.load (node:internal/modules/cjs/loader:1004:32)
    at Function.Module._load (node:internal/modules/cjs/loader:839:12)
    at Module.require (node:internal/modules/cjs/loader:1028:19) {
  code: 'MODULE_NOT_FOUND',
  requireStack: [
    '/home/n1647152/Organic_Club_Tante_Shanti/server.js',
    '/usr/local/lsws/fcgi-bin/lsnode.js'
  ]
}
TypeError: Cannot read properties of undefined (reading 'originalname')
    at /home/n1647152/Organic_Club_Tante_Shanti/server.js:57:19
    at Layer.handle [as handle_request] (/home/n1647152/nodevenv/Organic_Club_Tante_Shanti/16/lib/node_modules/express/lib/router/layer.js:95:5)
    at next (/home/n1647152/nodevenv/Organic_Club_Tante_Shanti/16/lib/node_modules/express/lib/router/route.js:144:13)
    at done (/home/n1647152/nodevenv/Organic_Club_Tante_Shanti/16/lib/node_modules/multer/lib/make-middleware.js:45:7)
    at indicateDone (/home/n1647152/nodevenv/Organic_Club_Tante_Shanti/16/lib/node_modules/multer/lib/make-middleware.js:49:68)
    at Multipart.<anonymous> (/home/n1647152/nodevenv/Organic_Club_Tante_Shanti/16/lib/node_modules/multer/lib/make-middleware.js:166:7)
    at Multipart.emit (node:events:513:28)
    at emitCloseNT (node:internal/streams/destroy:138:10)
    at processTicksAndRejections (node:internal/process/task_queues:82:21)
TypeError: Cannot read properties of undefined (reading 'originalname')
    at /home/n1647152/Organic_Club_Tante_Shanti/server.js:57:19
    at Layer.handle [as handle_request] (/home/n1647152/nodevenv/Organic_Club_Tante_Shanti/16/lib/node_modules/express/lib/router/layer.js:95:5)
    at next (/home/n1647152/nodevenv/Organic_Club_Tante_Shanti/16/lib/node_modules/express/lib/router/route.js:144:13)
    at done (/home/n1647152/nodevenv/Organic_Club_Tante_Shanti/16/lib/node_modules/multer/lib/make-middleware.js:45:7)
    at indicateDone (/home/n1647152/nodevenv/Organic_Club_Tante_Shanti/16/lib/node_modules/multer/lib/make-middleware.js:49:68)
    at Multipart.<anonymous> (/home/n1647152/nodevenv/Organic_Club_Tante_Shanti/16/lib/node_modules/multer/lib/make-middleware.js:166:7)
    at Multipart.emit (node:events:513:28)
    at emitCloseNT (node:internal/streams/destroy:138:10)
    at processTicksAndRejections (node:internal/process/task_queues:82:21)
TypeError: Cannot read properties of undefined (reading 'originalname')
    at /home/n1647152/Organic_Club_Tante_Shanti/server.js:57:19
    at Layer.handle [as handle_request] (/home/n1647152/nodevenv/Organic_Club_Tante_Shanti/16/lib/node_modules/express/lib/router/layer.js:95:5)
    at next (/home/n1647152/nodevenv/Organic_Club_Tante_Shanti/16/lib/node_modules/express/lib/router/route.js:144:13)
    at done (/home/n1647152/nodevenv/Organic_Club_Tante_Shanti/16/lib/node_modules/multer/lib/make-middleware.js:45:7)
    at indicateDone (/home/n1647152/nodevenv/Organic_Club_Tante_Shanti/16/lib/node_modules/multer/lib/make-middleware.js:49:68)
    at Multipart.<anonymous> (/home/n1647152/nodevenv/Organic_Club_Tante_Shanti/16/lib/node_modules/multer/lib/make-middleware.js:166:7)
    at Multipart.emit (node:events:513:28)
    at emitCloseNT (node:internal/streams/destroy:138:10)
    at processTicksAndRejections (node:internal/process/task_queues:82:21)
TypeError: Cannot read properties of undefined (reading 'originalname')
    at /home/n1647152/Organic_Club_Tante_Shanti/server.js:57:19
    at Layer.handle [as handle_request] (/home/n1647152/nodevenv/Organic_Club_Tante_Shanti/16/lib/node_modules/express/lib/router/layer.js:95:5)
    at next (/home/n1647152/nodevenv/Organic_Club_Tante_Shanti/16/lib/node_modules/express/lib/router/route.js:144:13)
    at done (/home/n1647152/nodevenv/Organic_Club_Tante_Shanti/16/lib/node_modules/multer/lib/make-middleware.js:45:7)
    at indicateDone (/home/n1647152/nodevenv/Organic_Club_Tante_Shanti/16/lib/node_modules/multer/lib/make-middleware.js:49:68)
    at Multipart.<anonymous> (/home/n1647152/nodevenv/Organic_Club_Tante_Shanti/16/lib/node_modules/multer/lib/make-middleware.js:166:7)
    at Multipart.emit (node:events:513:28)
    at emitCloseNT (node:internal/streams/destroy:138:10)
    at processTicksAndRejections (node:internal/process/task_queues:82:21)
TypeError: Cannot read properties of undefined (reading 'originalname')
    at /home/n1647152/Organic_Club_Tante_Shanti/server.js:57:19
    at Layer.handle [as handle_request] (/home/n1647152/nodevenv/Organic_Club_Tante_Shanti/16/lib/node_modules/express/lib/router/layer.js:95:5)
    at next (/home/n1647152/nodevenv/Organic_Club_Tante_Shanti/16/lib/node_modules/express/lib/router/route.js:144:13)
    at done (/home/n1647152/nodevenv/Organic_Club_Tante_Shanti/16/lib/node_modules/multer/lib/make-middleware.js:45:7)
    at indicateDone (/home/n1647152/nodevenv/Organic_Club_Tante_Shanti/16/lib/node_modules/multer/lib/make-middleware.js:49:68)
    at Multipart.<anonymous> (/home/n1647152/nodevenv/Organic_Club_Tante_Shanti/16/lib/node_modules/multer/lib/make-middleware.js:166:7)
    at Multipart.emit (node:events:513:28)
    at emitCloseNT (node:internal/streams/destroy:138:10)
    at processTicksAndRejections (node:internal/process/task_queues:82:21)
TypeError: Cannot read properties of undefined (reading 'originalname')
    at /home/n1647152/Organic_Club_Tante_Shanti/server.js:57:19
    at Layer.handle [as handle_request] (/home/n1647152/nodevenv/Organic_Club_Tante_Shanti/16/lib/node_modules/express/lib/router/layer.js:95:5)
    at next (/home/n1647152/nodevenv/Organic_Club_Tante_Shanti/16/lib/node_modules/express/lib/router/route.js:144:13)
    at done (/home/n1647152/nodevenv/Organic_Club_Tante_Shanti/16/lib/node_modules/multer/lib/make-middleware.js:45:7)
    at indicateDone (/home/n1647152/nodevenv/Organic_Club_Tante_Shanti/16/lib/node_modules/multer/lib/make-middleware.js:49:68)
    at Multipart.<anonymous> (/home/n1647152/nodevenv/Organic_Club_Tante_Shanti/16/lib/node_modules/multer/lib/make-middleware.js:166:7)
    at Multipart.emit (node:events:513:28)
    at emitCloseNT (node:internal/streams/destroy:138:10)
    at processTicksAndRejections (node:internal/process/task_queues:82:21)
TypeError: Cannot read properties of undefined (reading 'originalname')
    at /home/n1647152/Organic_Club_Tante_Shanti/server.js:57:19
    at Layer.handle [as handle_request] (/home/n1647152/nodevenv/Organic_Club_Tante_Shanti/16/lib/node_modules/express/lib/router/layer.js:95:5)
    at next (/home/n1647152/nodevenv/Organic_Club_Tante_Shanti/16/lib/node_modules/express/lib/router/route.js:144:13)
    at done (/home/n1647152/nodevenv/Organic_Club_Tante_Shanti/16/lib/node_modules/multer/lib/make-middleware.js:45:7)
    at indicateDone (/home/n1647152/nodevenv/Organic_Club_Tante_Shanti/16/lib/node_modules/multer/lib/make-middleware.js:49:68)
    at Multipart.<anonymous> (/home/n1647152/nodevenv/Organic_Club_Tante_Shanti/16/lib/node_modules/multer/lib/make-middleware.js:166:7)
    at Multipart.emit (node:events:513:28)
    at emitCloseNT (node:internal/streams/destroy:138:10)
    at processTicksAndRejections (node:internal/process/task_queues:82:21)
TypeError: Cannot read properties of undefined (reading 'originalname')
    at /home/n1647152/Organic_Club_Tante_Shanti/server.js:57:19
    at Layer.handle [as handle_request] (/home/n1647152/nodevenv/Organic_Club_Tante_Shanti/16/lib/node_modules/express/lib/router/layer.js:95:5)
    at next (/home/n1647152/nodevenv/Organic_Club_Tante_Shanti/16/lib/node_modules/express/lib/router/route.js:144:13)
    at done (/home/n1647152/nodevenv/Organic_Club_Tante_Shanti/16/lib/node_modules/multer/lib/make-middleware.js:45:7)
    at indicateDone (/home/n1647152/nodevenv/Organic_Club_Tante_Shanti/16/lib/node_modules/multer/lib/make-middleware.js:49:68)
    at Multipart.<anonymous> (/home/n1647152/nodevenv/Organic_Club_Tante_Shanti/16/lib/node_modules/multer/lib/make-middleware.js:166:7)
    at Multipart.emit (node:events:513:28)
    at emitCloseNT (node:internal/streams/destroy:138:10)
    at processTicksAndRejections (node:internal/process/task_queues:82:21)
TypeError: Cannot read properties of undefined (reading 'originalname')
    at /home/n1647152/Organic_Club_Tante_Shanti/server.js:57:19
    at Layer.handle [as handle_request] (/home/n1647152/nodevenv/Organic_Club_Tante_Shanti/16/lib/node_modules/express/lib/router/layer.js:95:5)
    at next (/home/n1647152/nodevenv/Organic_Club_Tante_Shanti/16/lib/node_modules/express/lib/router/route.js:144:13)
    at done (/home/n1647152/nodevenv/Organic_Club_Tante_Shanti/16/lib/node_modules/multer/lib/make-middleware.js:45:7)
    at indicateDone (/home/n1647152/nodevenv/Organic_Club_Tante_Shanti/16/lib/node_modules/multer/lib/make-middleware.js:49:68)
    at Multipart.<anonymous> (/home/n1647152/nodevenv/Organic_Club_Tante_Shanti/16/lib/node_modules/multer/lib/make-middleware.js:166:7)
    at Multipart.emit (node:events:513:28)
    at emitCloseNT (node:internal/streams/destroy:138:10)
    at processTicksAndRejections (node:internal/process/task_queues:82:21)
TypeError: Cannot read properties of undefined (reading 'originalname')
    at /home/n1647152/Organic_Club_Tante_Shanti/server.js:57:19
    at Layer.handle [as handle_request] (/home/n1647152/nodevenv/Organic_Club_Tante_Shanti/16/lib/node_modules/express/lib/router/layer.js:95:5)
    at next (/home/n1647152/nodevenv/Organic_Club_Tante_Shanti/16/lib/node_modules/express/lib/router/route.js:144:13)
    at done (/home/n1647152/nodevenv/Organic_Club_Tante_Shanti/16/lib/node_modules/multer/lib/make-middleware.js:45:7)
    at indicateDone (/home/n1647152/nodevenv/Organic_Club_Tante_Shanti/16/lib/node_modules/multer/lib/make-middleware.js:49:68)
    at Multipart.<anonymous> (/home/n1647152/nodevenv/Organic_Club_Tante_Shanti/16/lib/node_modules/multer/lib/make-middleware.js:166:7)
    at Multipart.emit (node:events:513:28)
    at emitCloseNT (node:internal/streams/destroy:138:10)
    at processTicksAndRejections (node:internal/process/task_queues:82:21)
TypeError: Cannot read properties of undefined (reading 'originalname')
    at /home/n1647152/Organic_Club_Tante_Shanti/server.js:57:19
    at Layer.handle [as handle_request] (/home/n1647152/nodevenv/Organic_Club_Tante_Shanti/16/lib/node_modules/express/lib/router/layer.js:95:5)
    at next (/home/n1647152/nodevenv/Organic_Club_Tante_Shanti/16/lib/node_modules/express/lib/router/route.js:144:13)
    at done (/home/n1647152/nodevenv/Organic_Club_Tante_Shanti/16/lib/node_modules/multer/lib/make-middleware.js:45:7)
    at indicateDone (/home/n1647152/nodevenv/Organic_Club_Tante_Shanti/16/lib/node_modules/multer/lib/make-middleware.js:49:68)
    at Multipart.<anonymous> (/home/n1647152/nodevenv/Organic_Club_Tante_Shanti/16/lib/node_modules/multer/lib/make-middleware.js:166:7)
    at Multipart.emit (node:events:513:28)
    at emitCloseNT (node:internal/streams/destroy:138:10)
    at processTicksAndRejections (node:internal/process/task_queues:82:21)
TypeError: Cannot read properties of undefined (reading 'originalname')
    at /home/n1647152/Organic_Club_Tante_Shanti/server.js:57:19
    at Layer.handle [as handle_request] (/home/n1647152/nodevenv/Organic_Club_Tante_Shanti/16/lib/node_modules/express/lib/router/layer.js:95:5)
    at next (/home/n1647152/nodevenv/Organic_Club_Tante_Shanti/16/lib/node_modules/express/lib/router/route.js:144:13)
    at done (/home/n1647152/nodevenv/Organic_Club_Tante_Shanti/16/lib/node_modules/multer/lib/make-middleware.js:45:7)
    at indicateDone (/home/n1647152/nodevenv/Organic_Club_Tante_Shanti/16/lib/node_modules/multer/lib/make-middleware.js:49:68)
    at Multipart.<anonymous> (/home/n1647152/nodevenv/Organic_Club_Tante_Shanti/16/lib/node_modules/multer/lib/make-middleware.js:166:7)
    at Multipart.emit (node:events:513:28)
    at emitCloseNT (node:internal/streams/destroy:138:10)
    at processTicksAndRejections (node:internal/process/task_queues:82:21)
